23:22:28 **** Incremental Build of configuration Arm5 for project va ****
make all 
Building file: ../src/va.c
Invoking: ARM C Compiler 5
armcc --cpu=Cortex-A9 --apcs=/hardfp --arm --apcs=/interwork --enum_is_int -DALT_INT_PROVISION_CPU_COUNT -DALT_BRIDGE_PROVISION_F2S_SUPPORT -Dsoc_cv_av -I"C:/GitInnovate/em078_vector_analyzer/software/va/../spl_bsp/generated/" -I"C:\altera\16.0\embedded\ip\altera\hps\altera_hps\hwlib\include" -I"C:\altera\16.0\embedded\ip\altera\hps\altera_hps\hwlib\include\soc_cv_av\socal" -I"C:\altera\16.0\embedded\ip\altera\hps\altera_hps\hwlib\include\soc_cv_av" --gnu -O2 -Otime --loop_optimization_level=2 --vectorize -g --md --depend_format=unix_escaped --no_depend_system_headers --depend_dir="src" -c -o "src/va.o" "../src/va.c"
"../src/va.c", line 224: Warning:  #550-D: variable "angle" was set but never used
  	int angle = 0;
  	    ^
../src/va.c: 1 warning, 0 errors
Finished building: ../src/va.c
 
Building file: ../src/video.c
Invoking: ARM C Compiler 5
armcc --cpu=Cortex-A9 --apcs=/hardfp --arm --apcs=/interwork --enum_is_int -DALT_INT_PROVISION_CPU_COUNT -DALT_BRIDGE_PROVISION_F2S_SUPPORT -Dsoc_cv_av -I"C:/GitInnovate/em078_vector_analyzer/software/va/../spl_bsp/generated/" -I"C:\altera\16.0\embedded\ip\altera\hps\altera_hps\hwlib\include" -I"C:\altera\16.0\embedded\ip\altera\hps\altera_hps\hwlib\include\soc_cv_av\socal" -I"C:\altera\16.0\embedded\ip\altera\hps\altera_hps\hwlib\include\soc_cv_av" --gnu -O2 -Otime --loop_optimization_level=2 --vectorize -g --md --depend_format=unix_escaped --no_depend_system_headers --depend_dir="src" -c -o "src/video.o" "../src/video.c"
Finished building: ../src/video.c
 
Building target: va.axf
Invoking: ARM Linker 5
armlink --cpu=Cortex-A9 --scatter="C:\GitInnovate\em078_vector_analyzer\software\va\scatter.scat" --userlibpath="C:\GitInnovate\em078_vector_analyzer\software\va" --no_remove --info=totals --entry=alt_interrupt_vector -o "va.axf"  ./src/alt_pt.o ./src/diskio.o ./src/ff.o ./src/pio.o ./src/va.o ./src/va_sm.o ./src/video.o  ./hwlib/src/utils/alt_printf.o  ./hwlib/src/hwmgr/soc_cv_av/alt_bridge_f2s_armcc.o ./hwlib/src/hwmgr/soc_cv_av/alt_bridge_manager.o ./hwlib/src/hwmgr/soc_cv_av/alt_clock_manager.o ./hwlib/src/hwmgr/soc_cv_av/alt_clock_manager_init.o ./hwlib/src/hwmgr/soc_cv_av/alt_ecc.o ./hwlib/src/hwmgr/soc_cv_av/alt_fpga_manager.o ./hwlib/src/hwmgr/soc_cv_av/alt_reset_manager.o ./hwlib/src/hwmgr/soc_cv_av/alt_sdram.o ./hwlib/src/hwmgr/soc_cv_av/alt_system_manager.o  ./hwlib/src/hwmgr/alt_16550_uart.o ./hwlib/src/hwmgr/alt_address_space.o ./hwlib/src/hwmgr/alt_cache.o ./hwlib/src/hwmgr/alt_can.o ./hwlib/src/hwmgr/alt_dma.o ./hwlib/src/hwmgr/alt_dma_program.o ./hwlib/src/hwmgr/alt_generalpurpose_io.o ./hwlib/src/hwmgr/alt_globaltmr.o ./hwlib/src/hwmgr/alt_i2c.o ./hwlib/src/hwmgr/alt_interrupt.o ./hwlib/src/hwmgr/alt_interrupt_armcc.o ./hwlib/src/hwmgr/alt_mmu.o ./hwlib/src/hwmgr/alt_nand.o ./hwlib/src/hwmgr/alt_qspi.o ./hwlib/src/hwmgr/alt_sdmmc.o ./hwlib/src/hwmgr/alt_spi.o ./hwlib/src/hwmgr/alt_timers.o ./hwlib/src/hwmgr/alt_watchdog.o   

==============================================================================

Image component sizes


      Code (inc. data)   RO Data    RW Data    ZI Data      Debug   

    144656       9584       3936        732 1071480420     897919   Object Totals
         8          0         48          0 1052462084          0   (incl. Generated)
         0          0          4         35       4023          0   (incl. Padding)
      6068        320         52         16       8728       5008   Library Totals
        14          0          0          0       8380          0   (incl. Padding)

==============================================================================


      Code (inc. data)   RO Data    RW Data    ZI Data      Debug   

    150724       9904       3988        748 1071489148     889015   Grand Totals
    150724       9904       3988        316 1071489148     889015   ELF Image Totals (compressed)
    150724       9904       3988        316          0          0   ROM Totals

==============================================================================

    Total RO  Size (Code + RO Data)               154712 ( 151.09kB)
    Total RW  Size (RW Data + ZI Data)        1071489896 (1046376.85kB)
    Total ROM Size (Code + RO Data + RW Data)     155028 ( 151.39kB)

==============================================================================

Finished building target: va.axf
 
