18:14:43 **** Incremental Build of configuration Arm5 for project va ****
make all 
Building file: ../src/alt_pt.c
Invoking: ARM C Compiler 5
armcc --cpu=Cortex-A9 --arm --apcs=/interwork --apcs=/hardfp -DALT_INT_PROVISION_CPU_COUNT -DALT_BRIDGE_PROVISION_F2S_SUPPORT -Dsoc_cv_av -I"D:/PShuklin/projectAltera/projectsLesson/em078_vector_analyzer/em078_vector_analyzer_v5/software/va/../spl_bsp/generated/" -I"C:\altera\16.0\embedded\ip\altera\hps\altera_hps\hwlib\include" -I"C:\altera\16.0\embedded\ip\altera\hps\altera_hps\hwlib\include\soc_cv_av\socal" -I"C:\altera\16.0\embedded\ip\altera\hps\altera_hps\hwlib\include\soc_cv_av" --gnu -O2 -Otime --loop_optimization_level=2 --vectorize -g --md --depend_format=unix_escaped --no_depend_system_headers --depend_dir="src" -c -o "src/alt_pt.o" "../src/alt_pt.c"
Warning: C9931W: Your license for feature uni_compiler5 will expire in 12 days
Finished building: ../src/alt_pt.c
 
Building file: ../src/diskio.c
Invoking: ARM C Compiler 5
armcc --cpu=Cortex-A9 --arm --apcs=/interwork --apcs=/hardfp -DALT_INT_PROVISION_CPU_COUNT -DALT_BRIDGE_PROVISION_F2S_SUPPORT -Dsoc_cv_av -I"D:/PShuklin/projectAltera/projectsLesson/em078_vector_analyzer/em078_vector_analyzer_v5/software/va/../spl_bsp/generated/" -I"C:\altera\16.0\embedded\ip\altera\hps\altera_hps\hwlib\include" -I"C:\altera\16.0\embedded\ip\altera\hps\altera_hps\hwlib\include\soc_cv_av\socal" -I"C:\altera\16.0\embedded\ip\altera\hps\altera_hps\hwlib\include\soc_cv_av" --gnu -O2 -Otime --loop_optimization_level=2 --vectorize -g --md --depend_format=unix_escaped --no_depend_system_headers --depend_dir="src" -c -o "src/diskio.o" "../src/diskio.c"
Warning: C9931W: Your license for feature uni_compiler5 will expire in 12 days
"../src/diskio.c", line 67: Warning:  #177-D: variable "stat" was declared but never referenced
  	DSTATUS stat;
  	        ^
"../src/diskio.c", line 133: Warning:  #226-D: invalid format string conversion
  		    			    	printf("device size %ll;\n\r",Sdmmc_Device_Size);
  		    			    	                              ^
"../src/diskio.c", line 90: Warning:  #550-D: variable "stat" was set but never used
  	int stat;
  	    ^
"../src/diskio.c", line 103: Warning:  #177-D: variable "j" was declared but never referenced
  	    			    	int i,j;
  	    			    	      ^
"../src/diskio.c", line 200: Warning:  #188-D: enumerated type mixed with another type
      res = alt_sdmmc_read(&Card_Info, buff, (void*)((fat_sd_base+sector)*512), count*512);
          ^
"../src/diskio.c", line 202: Warning:  #188-D: enumerated type mixed with another type
      return 0;
             ^
"../src/diskio.c", line 192: Warning:  #550-D: variable "res" was set but never used
  	DRESULT res;
  	        ^
"../src/diskio.c", line 227: Warning:  #188-D: enumerated type mixed with another type
      res = alt_sdmmc_write(&Card_Info,  (void*)((fat_sd_base+sector)*512), (void*)buff, count*512);
          ^
"../src/diskio.c", line 230: Warning:  #188-D: enumerated type mixed with another type
      return 0;
             ^
"../src/diskio.c", line 220: Warning:  #550-D: variable "res" was set but never used
  	DRESULT res;
  	        ^
../src/diskio.c: 10 warnings, 0 errors
Finished building: ../src/diskio.c
 
Building file: ../src/ff.c
Invoking: ARM C Compiler 5
armcc --cpu=Cortex-A9 --arm --apcs=/interwork --apcs=/hardfp -DALT_INT_PROVISION_CPU_COUNT -DALT_BRIDGE_PROVISION_F2S_SUPPORT -Dsoc_cv_av -I"D:/PShuklin/projectAltera/projectsLesson/em078_vector_analyzer/em078_vector_analyzer_v5/software/va/../spl_bsp/generated/" -I"C:\altera\16.0\embedded\ip\altera\hps\altera_hps\hwlib\include" -I"C:\altera\16.0\embedded\ip\altera\hps\altera_hps\hwlib\include\soc_cv_av\socal" -I"C:\altera\16.0\embedded\ip\altera\hps\altera_hps\hwlib\include\soc_cv_av" --gnu -O2 -Otime --loop_optimization_level=2 --vectorize -g --md --depend_format=unix_escaped --no_depend_system_headers --depend_dir="src" -c -o "src/ff.o" "../src/ff.c"
Warning: C9931W: Your license for feature uni_compiler5 will expire in 12 days
Finished building: ../src/ff.c
 
Building file: ../src/pio.c
Invoking: ARM C Compiler 5
armcc --cpu=Cortex-A9 --arm --apcs=/interwork --apcs=/hardfp -DALT_INT_PROVISION_CPU_COUNT -DALT_BRIDGE_PROVISION_F2S_SUPPORT -Dsoc_cv_av -I"D:/PShuklin/projectAltera/projectsLesson/em078_vector_analyzer/em078_vector_analyzer_v5/software/va/../spl_bsp/generated/" -I"C:\altera\16.0\embedded\ip\altera\hps\altera_hps\hwlib\include" -I"C:\altera\16.0\embedded\ip\altera\hps\altera_hps\hwlib\include\soc_cv_av\socal" -I"C:\altera\16.0\embedded\ip\altera\hps\altera_hps\hwlib\include\soc_cv_av" --gnu -O2 -Otime --loop_optimization_level=2 --vectorize -g --md --depend_format=unix_escaped --no_depend_system_headers --depend_dir="src" -c -o "src/pio.o" "../src/pio.c"
Warning: C9931W: Your license for feature uni_compiler5 will expire in 12 days
Finished building: ../src/pio.c
 
Building file: ../src/va.c
Invoking: ARM C Compiler 5
armcc --cpu=Cortex-A9 --arm --apcs=/interwork --apcs=/hardfp -DALT_INT_PROVISION_CPU_COUNT -DALT_BRIDGE_PROVISION_F2S_SUPPORT -Dsoc_cv_av -I"D:/PShuklin/projectAltera/projectsLesson/em078_vector_analyzer/em078_vector_analyzer_v5/software/va/../spl_bsp/generated/" -I"C:\altera\16.0\embedded\ip\altera\hps\altera_hps\hwlib\include" -I"C:\altera\16.0\embedded\ip\altera\hps\altera_hps\hwlib\include\soc_cv_av\socal" -I"C:\altera\16.0\embedded\ip\altera\hps\altera_hps\hwlib\include\soc_cv_av" --gnu -O2 -Otime --loop_optimization_level=2 --vectorize -g --md --depend_format=unix_escaped --no_depend_system_headers --depend_dir="src" -c -o "src/va.o" "../src/va.c"
Warning: C9931W: Your license for feature uni_compiler5 will expire in 12 days
"C:\altera\16.0\embedded\ip\altera\hps\altera_hps\hwlib\include\alt_i2c.h", line 358: Warning:  #2532-D: support for trigraphs is disabled
   * Discuss special handling of abrt_sbyte_norstrt TX_ABRT source required in ???() function.
                                                                                ^
"../src/va.c", line 167: Warning:  #167-D: argument of type "volatile uint16_t *" is incompatible with parameter of type "const void *"
  	pa = alt_mmu_va_to_pa(screen, 
ULL, 
ULL);
  	                      ^
"../src/va.c", line 192: Warning:  #167-D: argument of type "volatile uint16_t *" is incompatible with parameter of type "void *__restrict__"
  	memcpy(vid, splash, 1024 * 768 * 4 * sizeof(uint16_t));
  	       ^
"../src/va.c", line 192: Warning:  #167-D: argument of type "volatile uint16_t *" is incompatible with parameter of type "const void *__restrict__"
  	memcpy(vid, splash, 1024 * 768 * 4 * sizeof(uint16_t));
  	            ^
"../src/va.c", line 198: Warning:  #550-D: variable "ALT_RESULT" was set but never used
  	int ALT_RESULT;
  	    ^
"../src/va.c", line 242: Warning:  #188-D: enumerated type mixed with another type
  	status = alt_int_dist_target_set(
UTTON_IRQ, 0x3);
  	                                 ^
"../src/va.c", line 243: Warning:  #188-D: enumerated type mixed with another type
  	status = alt_int_dist_trigger_set(
UTTON_IRQ, ALT_INT_TRIGGER_EDGE);
  	                                  ^
"../src/va.c", line 244: Warning:  #188-D: enumerated type mixed with another type
  	status = alt_int_dist_enable(
UTTON_IRQ);
  	                             ^
"../src/va.c", line 245: Warning:  #188-D: enumerated type mixed with another type
  	status = alt_int_isr_register(
UTTON_IRQ, fpga_pb_isr_callback, 
ULL);
  	                              ^
"../src/va.c", line 217: Warning:  #550-D: variable "status" was set but never used
  	ALT_STATUS_CODE status;
  	                ^
"../src/va.c", line 293: Warning:  #167-D: argument of type "volatile uint16_t *" is incompatible with parameter of type "void *"
  	memset(splash, 0, 1024 * 768 * 4 * sizeof(uint16_t));
  	       ^
"../src/va.c", line 300: Warning:  #167-D: argument of type "volatile uint8_t *" is incompatible with parameter of type "void *"
  				f_read(&Fil, io_buff, 128 * 3, &bytes_read);
  				             ^
"../src/va.c", line 321: Warning:  #167-D: argument of type "volatile uint8_t *" is incompatible with parameter of type "void *"
  				f_read(&Fil, io_buff, 128 * 3, &bytes_read);
  				             ^
"../src/va.c", line 339: Warning:  #167-D: argument of type "volatile uint16_t *" is incompatible with parameter of type "void *"
  	memset(screen, 65535, 1024 * 768 * 4 * sizeof(uint16_t));
  	       ^
"../src/va.c", line 340: Warning:  #167-D: argument of type "volatile uint16_t *" is incompatible with parameter of type "void *"
  	memset(vid, 0, 1024 * 768 * 4 * sizeof(uint16_t));
  	       ^
"../src/va.c", line 284: Warning:  #177-D: variable "ALT_RESULT" was declared but never referenced
  	ALT_STATUS_CODE ALT_RESULT;
  	                ^
"../src/va.c", line 345: Warning:  #1254-D: arithmetic on pointer to void or function type
  	
lt_write_word(fpga_leds, 0x1);
  	^
"../src/va.c", line 349: Warning:  #1254-D: arithmetic on pointer to void or function type
  	uint32_t leds_mask = 
lt_read_word(fpga_leds);
  	                     ^
"../src/va.c", line 359: Warning:  #1254-D: arithmetic on pointer to void or function type
  	
lt_write_word(fpga_leds, leds_mask);
  	^
"../src/va.c", line 476: Warning:  #167-D: argument of type "volatile uint16_t *" is incompatible with parameter of type "void *__restrict__"
  		memcpy(screen, buffer, 1024 * 768 * 4 * sizeof(uint16_t));
  		       ^
"../src/va.c", line 476: Warning:  #167-D: argument of type "volatile uint16_t *" is incompatible with parameter of type "const void *__restrict__"
  		memcpy(screen, buffer, 1024 * 768 * 4 * sizeof(uint16_t));
  		               ^
"../src/va.c", line 488: Warning:  #111-D: statement is unreachable
  	ALT_RESULT = alt_16550_fifo_write_safe(&uart, "Program end. Why?\n\r", 3,
  	^
"../src/va.c", line 364: Warning:  #177-D: variable "ALT_RESULT2" was declared but never referenced
  	ALT_STATUS_CODE ALT_RESULT2 = ALT_E_SUCCESS;
  	                ^
"../src/va.c", line 366: Warning:  #550-D: variable "status" was set but never used
  	ALT_STATUS_CODE status;
  	                ^
"../src/va.c", line 373: Warning:  #550-D: variable "res" was set but never used
  	int res;
  	    ^
"../src/va.c", line 389: Warning:  #177-D: variable "j" was declared but never referenced
  	int i, j = 0;
  	       ^
../src/va.c: 26 warnings, 0 errors
Finished building: ../src/va.c
 
Building file: ../src/va_sm.c
Invoking: ARM C Compiler 5
armcc --cpu=Cortex-A9 --arm --apcs=/interwork --apcs=/hardfp -DALT_INT_PROVISION_CPU_COUNT -DALT_BRIDGE_PROVISION_F2S_SUPPORT -Dsoc_cv_av -I"D:/PShuklin/projectAltera/projectsLesson/em078_vector_analyzer/em078_vector_analyzer_v5/software/va/../spl_bsp/generated/" -I"C:\altera\16.0\embedded\ip\altera\hps\altera_hps\hwlib\include" -I"C:\altera\16.0\embedded\ip\altera\hps\altera_hps\hwlib\include\soc_cv_av\socal" -I"C:\altera\16.0\embedded\ip\altera\hps\altera_hps\hwlib\include\soc_cv_av" --gnu -O2 -Otime --loop_optimization_level=2 --vectorize -g --md --depend_format=unix_escaped --no_depend_system_headers --depend_dir="src" -c -o "src/va_sm.o" "../src/va_sm.c"
Warning: C9931W: Your license for feature uni_compiler5 will expire in 12 days
"../src/va_sm.c", line 9: Warning:  #1254-D: arithmetic on pointer to void or function type
  void *va_sm = 
LT_LWFPGASLVS_ADDR + 
A_GEN_SM_BASE;
                                    ^
"../src/va_sm.c", line 19: Warning:  #61-D: integer operation result is out of range
  	
lt_write_word(va_sm, (VASM_ADDR_RUN << 24) | 0x00000001);
  	^
../src/va_sm.c: 2 warnings, 0 errors
Finished building: ../src/va_sm.c
 
Building file: C:/altera/16.0/embedded/ip/altera/hps/altera_hps/hwlib/src/utils/alt_printf.c
Invoking: ARM C Compiler 5
armcc --cpu=Cortex-A9 --arm --apcs=/interwork --apcs=/hardfp -DALT_INT_PROVISION_CPU_COUNT -DALT_BRIDGE_PROVISION_F2S_SUPPORT -Dsoc_cv_av -I"D:/PShuklin/projectAltera/projectsLesson/em078_vector_analyzer/em078_vector_analyzer_v5/software/va/../spl_bsp/generated/" -I"C:\altera\16.0\embedded\ip\altera\hps\altera_hps\hwlib\include" -I"C:\altera\16.0\embedded\ip\altera\hps\altera_hps\hwlib\include\soc_cv_av\socal" -I"C:\altera\16.0\embedded\ip\altera\hps\altera_hps\hwlib\include\soc_cv_av" --gnu -O2 -Otime --loop_optimization_level=2 --vectorize -g --md --depend_format=unix_escaped --no_depend_system_headers --depend_dir="hwlib/src/utils" -c -o "hwlib/src/utils/alt_printf.o" "C:/altera/16.0/embedded/ip/altera/hps/altera_hps/hwlib/src/utils/alt_printf.c"
Warning: C9931W: Your license for feature uni_compiler5 will expire in 12 days
Finished building: C:/altera/16.0/embedded/ip/altera/hps/altera_hps/hwlib/src/utils/alt_printf.c
 
Building file: C:/altera/16.0/embedded/ip/altera/hps/altera_hps/hwlib/src/hwmgr/soc_cv_av/alt_bridge_f2s_armcc.s
Invoking: ARM Assembler 5
armasm --cpu=Cortex-A9 --arm --apcs=/interwork --apcs=/hardfp -g --md --depend_format=unix_escaped --depend="hwlib/src/hwmgr/soc_cv_av/alt_bridge_f2s_armcc.d" -o "hwlib/src/hwmgr/soc_cv_av/alt_bridge_f2s_armcc.o" "C:/altera/16.0/embedded/ip/altera/hps/altera_hps/hwlib/src/hwmgr/soc_cv_av/alt_bridge_f2s_armcc.s"
Warning: A9931W: Your license for feature uni_compiler5 will expire in 12 days
0 Errors, 1 Warning
Finished building: C:/altera/16.0/embedded/ip/altera/hps/altera_hps/hwlib/src/hwmgr/soc_cv_av/alt_bridge_f2s_armcc.s
 
Building file: C:/altera/16.0/embedded/ip/altera/hps/altera_hps/hwlib/src/hwmgr/soc_cv_av/alt_bridge_manager.c
Invoking: ARM C Compiler 5
armcc --cpu=Cortex-A9 --arm --apcs=/interwork --apcs=/hardfp -DALT_INT_PROVISION_CPU_COUNT -DALT_BRIDGE_PROVISION_F2S_SUPPORT -Dsoc_cv_av -I"D:/PShuklin/projectAltera/projectsLesson/em078_vector_analyzer/em078_vector_analyzer_v5/software/va/../spl_bsp/generated/" -I"C:\altera\16.0\embedded\ip\altera\hps\altera_hps\hwlib\include" -I"C:\altera\16.0\embedded\ip\altera\hps\altera_hps\hwlib\include\soc_cv_av\socal" -I"C:\altera\16.0\embedded\ip\altera\hps\altera_hps\hwlib\include\soc_cv_av" --gnu -O2 -Otime --loop_optimization_level=2 --vectorize -g --md --depend_format=unix_escaped --no_depend_system_headers --depend_dir="hwlib/src/hwmgr/soc_cv_av" -c -o "hwlib/src/hwmgr/soc_cv_av/alt_bridge_manager.o" "C:/altera/16.0/embedded/ip/altera/hps/altera_hps/hwlib/src/hwmgr/soc_cv_av/alt_bridge_manager.c"
Warning: C9931W: Your license for feature uni_compiler5 will expire in 12 days
"C:\altera\16.0\embedded\ip\altera\hps\altera_hps\hwlib\include\alt_i2c.h", line 358: Warning:  #2532-D: support for trigraphs is disabled
   * Discuss special handling of abrt_sbyte_norstrt TX_ABRT source required in ???() function.
                                                                                ^
C:/altera/16.0/embedded/ip/altera/hps/altera_hps/hwlib/src/hwmgr/soc_cv_av/alt_bridge_manager.c: 1 warning, 0 errors
Finished building: C:/altera/16.0/embedded/ip/altera/hps/altera_hps/hwlib/src/hwmgr/soc_cv_av/alt_bridge_manager.c
 
Building file: C:/altera/16.0/embedded/ip/altera/hps/altera_hps/hwlib/src/hwmgr/soc_cv_av/alt_clock_manager.c
Invoking: ARM C Compiler 5
armcc --cpu=Cortex-A9 --arm --apcs=/interwork --apcs=/hardfp -DALT_INT_PROVISION_CPU_COUNT -DALT_BRIDGE_PROVISION_F2S_SUPPORT -Dsoc_cv_av -I"D:/PShuklin/projectAltera/projectsLesson/em078_vector_analyzer/em078_vector_analyzer_v5/software/va/../spl_bsp/generated/" -I"C:\altera\16.0\embedded\ip\altera\hps\altera_hps\hwlib\include" -I"C:\altera\16.0\embedded\ip\altera\hps\altera_hps\hwlib\include\soc_cv_av\socal" -I"C:\altera\16.0\embedded\ip\altera\hps\altera_hps\hwlib\include\soc_cv_av" --gnu -O2 -Otime --loop_optimization_level=2 --vectorize -g --md --depend_format=unix_escaped --no_depend_system_headers --depend_dir="hwlib/src/hwmgr/soc_cv_av" -c -o "hwlib/src/hwmgr/soc_cv_av/alt_clock_manager.o" "C:/altera/16.0/embedded/ip/altera/hps/altera_hps/hwlib/src/hwmgr/soc_cv_av/alt_clock_manager.c"
Warning: C9931W: Your license for feature uni_compiler5 will expire in 12 days
Finished building: C:/altera/16.0/embedded/ip/altera/hps/altera_hps/hwlib/src/hwmgr/soc_cv_av/alt_clock_manager.c
 
Building file: C:/altera/16.0/embedded/ip/altera/hps/altera_hps/hwlib/src/hwmgr/soc_cv_av/alt_clock_manager_init.c
Invoking: ARM C Compiler 5
armcc --cpu=Cortex-A9 --arm --apcs=/interwork --apcs=/hardfp -DALT_INT_PROVISION_CPU_COUNT -DALT_BRIDGE_PROVISION_F2S_SUPPORT -Dsoc_cv_av -I"D:/PShuklin/projectAltera/projectsLesson/em078_vector_analyzer/em078_vector_analyzer_v5/software/va/../spl_bsp/generated/" -I"C:\altera\16.0\embedded\ip\altera\hps\altera_hps\hwlib\include" -I"C:\altera\16.0\embedded\ip\altera\hps\altera_hps\hwlib\include\soc_cv_av\socal" -I"C:\altera\16.0\embedded\ip\altera\hps\altera_hps\hwlib\include\soc_cv_av" --gnu -O2 -Otime --loop_optimization_level=2 --vectorize -g --md --depend_format=unix_escaped --no_depend_system_headers --depend_dir="hwlib/src/hwmgr/soc_cv_av" -c -o "hwlib/src/hwmgr/soc_cv_av/alt_clock_manager_init.o" "C:/altera/16.0/embedded/ip/altera/hps/altera_hps/hwlib/src/hwmgr/soc_cv_av/alt_clock_manager_init.c"
Warning: C9931W: Your license for feature uni_compiler5 will expire in 12 days
Finished building: C:/altera/16.0/embedded/ip/altera/hps/altera_hps/hwlib/src/hwmgr/soc_cv_av/alt_clock_manager_init.c
 
Building file: C:/altera/16.0/embedded/ip/altera/hps/altera_hps/hwlib/src/hwmgr/soc_cv_av/alt_ecc.c
Invoking: ARM C Compiler 5
armcc --cpu=Cortex-A9 --arm --apcs=/interwork --apcs=/hardfp -DALT_INT_PROVISION_CPU_COUNT -DALT_BRIDGE_PROVISION_F2S_SUPPORT -Dsoc_cv_av -I"D:/PShuklin/projectAltera/projectsLesson/em078_vector_analyzer/em078_vector_analyzer_v5/software/va/../spl_bsp/generated/" -I"C:\altera\16.0\embedded\ip\altera\hps\altera_hps\hwlib\include" -I"C:\altera\16.0\embedded\ip\altera\hps\altera_hps\hwlib\include\soc_cv_av\socal" -I"C:\altera\16.0\embedded\ip\altera\hps\altera_hps\hwlib\include\soc_cv_av" --gnu -O2 -Otime --loop_optimization_level=2 --vectorize -g --md --depend_format=unix_escaped --no_depend_system_headers --depend_dir="hwlib/src/hwmgr/soc_cv_av" -c -o "hwlib/src/hwmgr/soc_cv_av/alt_ecc.o" "C:/altera/16.0/embedded/ip/altera/hps/altera_hps/hwlib/src/hwmgr/soc_cv_av/alt_ecc.c"
Warning: C9931W: Your license for feature uni_compiler5 will expire in 12 days
Finished building: C:/altera/16.0/embedded/ip/altera/hps/altera_hps/hwlib/src/hwmgr/soc_cv_av/alt_ecc.c
 
Building file: C:/altera/16.0/embedded/ip/altera/hps/altera_hps/hwlib/src/hwmgr/soc_cv_av/alt_fpga_manager.c
Invoking: ARM C Compiler 5
armcc --cpu=Cortex-A9 --arm --apcs=/interwork --apcs=/hardfp -DALT_INT_PROVISION_CPU_COUNT -DALT_BRIDGE_PROVISION_F2S_SUPPORT -Dsoc_cv_av -I"D:/PShuklin/projectAltera/projectsLesson/em078_vector_analyzer/em078_vector_analyzer_v5/software/va/../spl_bsp/generated/" -I"C:\altera\16.0\embedded\ip\altera\hps\altera_hps\hwlib\include" -I"C:\altera\16.0\embedded\ip\altera\hps\altera_hps\hwlib\include\soc_cv_av\socal" -I"C:\altera\16.0\embedded\ip\altera\hps\altera_hps\hwlib\include\soc_cv_av" --gnu -O2 -Otime --loop_optimization_level=2 --vectorize -g --md --depend_format=unix_escaped --no_depend_system_headers --depend_dir="hwlib/src/hwmgr/soc_cv_av" -c -o "hwlib/src/hwmgr/soc_cv_av/alt_fpga_manager.o" "C:/altera/16.0/embedded/ip/altera/hps/altera_hps/hwlib/src/hwmgr/soc_cv_av/alt_fpga_manager.c"
Warning: C9931W: Your license for feature uni_compiler5 will expire in 12 days
"C:\altera\16.0\embedded\ip\altera\hps\altera_hps\hwlib\include\alt_i2c.h", line 358: Warning:  #2532-D: support for trigraphs is disabled
   * Discuss special handling of abrt_sbyte_norstrt TX_ABRT source required in ???() function.
                                                                                ^
C:/altera/16.0/embedded/ip/altera/hps/altera_hps/hwlib/src/hwmgr/soc_cv_av/alt_fpga_manager.c: 1 warning, 0 errors
Finished building: C:/altera/16.0/embedded/ip/altera/hps/altera_hps/hwlib/src/hwmgr/soc_cv_av/alt_fpga_manager.c
 
Building file: C:/altera/16.0/embedded/ip/altera/hps/altera_hps/hwlib/src/hwmgr/soc_cv_av/alt_reset_manager.c
Invoking: ARM C Compiler 5
armcc --cpu=Cortex-A9 --arm --apcs=/interwork --apcs=/hardfp -DALT_INT_PROVISION_CPU_COUNT -DALT_BRIDGE_PROVISION_F2S_SUPPORT -Dsoc_cv_av -I"D:/PShuklin/projectAltera/projectsLesson/em078_vector_analyzer/em078_vector_analyzer_v5/software/va/../spl_bsp/generated/" -I"C:\altera\16.0\embedded\ip\altera\hps\altera_hps\hwlib\include" -I"C:\altera\16.0\embedded\ip\altera\hps\altera_hps\hwlib\include\soc_cv_av\socal" -I"C:\altera\16.0\embedded\ip\altera\hps\altera_hps\hwlib\include\soc_cv_av" --gnu -O2 -Otime --loop_optimization_level=2 --vectorize -g --md --depend_format=unix_escaped --no_depend_system_headers --depend_dir="hwlib/src/hwmgr/soc_cv_av" -c -o "hwlib/src/hwmgr/soc_cv_av/alt_reset_manager.o" "C:/altera/16.0/embedded/ip/altera/hps/altera_hps/hwlib/src/hwmgr/soc_cv_av/alt_reset_manager.c"
Warning: C9931W: Your license for feature uni_compiler5 will expire in 12 days
Finished building: C:/altera/16.0/embedded/ip/altera/hps/altera_hps/hwlib/src/hwmgr/soc_cv_av/alt_reset_manager.c
 
Building file: C:/altera/16.0/embedded/ip/altera/hps/altera_hps/hwlib/src/hwmgr/soc_cv_av/alt_sdram.c
Invoking: ARM C Compiler 5
armcc --cpu=Cortex-A9 --arm --apcs=/interwork --apcs=/hardfp -DALT_INT_PROVISION_CPU_COUNT -DALT_BRIDGE_PROVISION_F2S_SUPPORT -Dsoc_cv_av -I"D:/PShuklin/projectAltera/projectsLesson/em078_vector_analyzer/em078_vector_analyzer_v5/software/va/../spl_bsp/generated/" -I"C:\altera\16.0\embedded\ip\altera\hps\altera_hps\hwlib\include" -I"C:\altera\16.0\embedded\ip\altera\hps\altera_hps\hwlib\include\soc_cv_av\socal" -I"C:\altera\16.0\embedded\ip\altera\hps\altera_hps\hwlib\include\soc_cv_av" --gnu -O2 -Otime --loop_optimization_level=2 --vectorize -g --md --depend_format=unix_escaped --no_depend_system_headers --depend_dir="hwlib/src/hwmgr/soc_cv_av" -c -o "hwlib/src/hwmgr/soc_cv_av/alt_sdram.o" "C:/altera/16.0/embedded/ip/altera/hps/altera_hps/hwlib/src/hwmgr/soc_cv_av/alt_sdram.c"
Warning: C9931W: Your license for feature uni_compiler5 will expire in 12 days
Finished building: C:/altera/16.0/embedded/ip/altera/hps/altera_hps/hwlib/src/hwmgr/soc_cv_av/alt_sdram.c
 
Building file: C:/altera/16.0/embedded/ip/altera/hps/altera_hps/hwlib/src/hwmgr/soc_cv_av/alt_system_manager.c
Invoking: ARM C Compiler 5
armcc --cpu=Cortex-A9 --arm --apcs=/interwork --apcs=/hardfp -DALT_INT_PROVISION_CPU_COUNT -DALT_BRIDGE_PROVISION_F2S_SUPPORT -Dsoc_cv_av -I"D:/PShuklin/projectAltera/projectsLesson/em078_vector_analyzer/em078_vector_analyzer_v5/software/va/../spl_bsp/generated/" -I"C:\altera\16.0\embedded\ip\altera\hps\altera_hps\hwlib\include" -I"C:\altera\16.0\embedded\ip\altera\hps\altera_hps\hwlib\include\soc_cv_av\socal" -I"C:\altera\16.0\embedded\ip\altera\hps\altera_hps\hwlib\include\soc_cv_av" --gnu -O2 -Otime --loop_optimization_level=2 --vectorize -g --md --depend_format=unix_escaped --no_depend_system_headers --depend_dir="hwlib/src/hwmgr/soc_cv_av" -c -o "hwlib/src/hwmgr/soc_cv_av/alt_system_manager.o" "C:/altera/16.0/embedded/ip/altera/hps/altera_hps/hwlib/src/hwmgr/soc_cv_av/alt_system_manager.c"
Warning: C9931W: Your license for feature uni_compiler5 will expire in 12 days
Finished building: C:/altera/16.0/embedded/ip/altera/hps/altera_hps/hwlib/src/hwmgr/soc_cv_av/alt_system_manager.c
 
Building file: C:/altera/16.0/embedded/ip/altera/hps/altera_hps/hwlib/src/hwmgr/alt_16550_uart.c
Invoking: ARM C Compiler 5
armcc --cpu=Cortex-A9 --arm --apcs=/interwork --apcs=/hardfp -DALT_INT_PROVISION_CPU_COUNT -DALT_BRIDGE_PROVISION_F2S_SUPPORT -Dsoc_cv_av -I"D:/PShuklin/projectAltera/projectsLesson/em078_vector_analyzer/em078_vector_analyzer_v5/software/va/../spl_bsp/generated/" -I"C:\altera\16.0\embedded\ip\altera\hps\altera_hps\hwlib\include" -I"C:\altera\16.0\embedded\ip\altera\hps\altera_hps\hwlib\include\soc_cv_av\socal" -I"C:\altera\16.0\embedded\ip\altera\hps\altera_hps\hwlib\include\soc_cv_av" --gnu -O2 -Otime --loop_optimization_level=2 --vectorize -g --md --depend_format=unix_escaped --no_depend_system_headers --depend_dir="hwlib/src/hwmgr" -c -o "hwlib/src/hwmgr/alt_16550_uart.o" "C:/altera/16.0/embedded/ip/altera/hps/altera_hps/hwlib/src/hwmgr/alt_16550_uart.c"
Warning: C9931W: Your license for feature uni_compiler5 will expire in 12 days
Finished building: C:/altera/16.0/embedded/ip/altera/hps/altera_hps/hwlib/src/hwmgr/alt_16550_uart.c
 
Building file: C:/altera/16.0/embedded/ip/altera/hps/altera_hps/hwlib/src/hwmgr/alt_address_space.c
Invoking: ARM C Compiler 5
armcc --cpu=Cortex-A9 --arm --apcs=/interwork --apcs=/hardfp -DALT_INT_PROVISION_CPU_COUNT -DALT_BRIDGE_PROVISION_F2S_SUPPORT -Dsoc_cv_av -I"D:/PShuklin/projectAltera/projectsLesson/em078_vector_analyzer/em078_vector_analyzer_v5/software/va/../spl_bsp/generated/" -I"C:\altera\16.0\embedded\ip\altera\hps\altera_hps\hwlib\include" -I"C:\altera\16.0\embedded\ip\altera\hps\altera_hps\hwlib\include\soc_cv_av\socal" -I"C:\altera\16.0\embedded\ip\altera\hps\altera_hps\hwlib\include\soc_cv_av" --gnu -O2 -Otime --loop_optimization_level=2 --vectorize -g --md --depend_format=unix_escaped --no_depend_system_headers --depend_dir="hwlib/src/hwmgr" -c -o "hwlib/src/hwmgr/alt_address_space.o" "C:/altera/16.0/embedded/ip/altera/hps/altera_hps/hwlib/src/hwmgr/alt_address_space.c"
Warning: C9931W: Your license for feature uni_compiler5 will expire in 12 days
Finished building: C:/altera/16.0/embedded/ip/altera/hps/altera_hps/hwlib/src/hwmgr/alt_address_space.c
 
Building file: C:/altera/16.0/embedded/ip/altera/hps/altera_hps/hwlib/src/hwmgr/alt_cache.c
Invoking: ARM C Compiler 5
armcc --cpu=Cortex-A9 --arm --apcs=/interwork --apcs=/hardfp -DALT_INT_PROVISION_CPU_COUNT -DALT_BRIDGE_PROVISION_F2S_SUPPORT -Dsoc_cv_av -I"D:/PShuklin/projectAltera/projectsLesson/em078_vector_analyzer/em078_vector_analyzer_v5/software/va/../spl_bsp/generated/" -I"C:\altera\16.0\embedded\ip\altera\hps\altera_hps\hwlib\include" -I"C:\altera\16.0\embedded\ip\altera\hps\altera_hps\hwlib\include\soc_cv_av\socal" -I"C:\altera\16.0\embedded\ip\altera\hps\altera_hps\hwlib\include\soc_cv_av" --gnu -O2 -Otime --loop_optimization_level=2 --vectorize -g --md --depend_format=unix_escaped --no_depend_system_headers --depend_dir="hwlib/src/hwmgr" -c -o "hwlib/src/hwmgr/alt_cache.o" "C:/altera/16.0/embedded/ip/altera/hps/altera_hps/hwlib/src/hwmgr/alt_cache.c"
Warning: C9931W: Your license for feature uni_compiler5 will expire in 12 days
Finished building: C:/altera/16.0/embedded/ip/altera/hps/altera_hps/hwlib/src/hwmgr/alt_cache.c
 
Building file: C:/altera/16.0/embedded/ip/altera/hps/altera_hps/hwlib/src/hwmgr/alt_can.c
Invoking: ARM C Compiler 5
armcc --cpu=Cortex-A9 --arm --apcs=/interwork --apcs=/hardfp -DALT_INT_PROVISION_CPU_COUNT -DALT_BRIDGE_PROVISION_F2S_SUPPORT -Dsoc_cv_av -I"D:/PShuklin/projectAltera/projectsLesson/em078_vector_analyzer/em078_vector_analyzer_v5/software/va/../spl_bsp/generated/" -I"C:\altera\16.0\embedded\ip\altera\hps\altera_hps\hwlib\include" -I"C:\altera\16.0\embedded\ip\altera\hps\altera_hps\hwlib\include\soc_cv_av\socal" -I"C:\altera\16.0\embedded\ip\altera\hps\altera_hps\hwlib\include\soc_cv_av" --gnu -O2 -Otime --loop_optimization_level=2 --vectorize -g --md --depend_format=unix_escaped --no_depend_system_headers --depend_dir="hwlib/src/hwmgr" -c -o "hwlib/src/hwmgr/alt_can.o" "C:/altera/16.0/embedded/ip/altera/hps/altera_hps/hwlib/src/hwmgr/alt_can.c"
Warning: C9931W: Your license for feature uni_compiler5 will expire in 12 days
Finished building: C:/altera/16.0/embedded/ip/altera/hps/altera_hps/hwlib/src/hwmgr/alt_can.c
 
Building file: C:/altera/16.0/embedded/ip/altera/hps/altera_hps/hwlib/src/hwmgr/alt_dma.c
Invoking: ARM C Compiler 5
armcc --cpu=Cortex-A9 --arm --apcs=/interwork --apcs=/hardfp -DALT_INT_PROVISION_CPU_COUNT -DALT_BRIDGE_PROVISION_F2S_SUPPORT -Dsoc_cv_av -I"D:/PShuklin/projectAltera/projectsLesson/em078_vector_analyzer/em078_vector_analyzer_v5/software/va/../spl_bsp/generated/" -I"C:\altera\16.0\embedded\ip\altera\hps\altera_hps\hwlib\include" -I"C:\altera\16.0\embedded\ip\altera\hps\altera_hps\hwlib\include\soc_cv_av\socal" -I"C:\altera\16.0\embedded\ip\altera\hps\altera_hps\hwlib\include\soc_cv_av" --gnu -O2 -Otime --loop_optimization_level=2 --vectorize -g --md --depend_format=unix_escaped --no_depend_system_headers --depend_dir="hwlib/src/hwmgr" -c -o "hwlib/src/hwmgr/alt_dma.o" "C:/altera/16.0/embedded/ip/altera/hps/altera_hps/hwlib/src/hwmgr/alt_dma.c"
Warning: C9931W: Your license for feature uni_compiler5 will expire in 12 days
"C:\altera\16.0\embedded\ip\altera\hps\altera_hps\hwlib\include\alt_i2c.h", line 358: Warning:  #2532-D: support for trigraphs is disabled
   * Discuss special handling of abrt_sbyte_norstrt TX_ABRT source required in ???() function.
                                                                                ^
C:/altera/16.0/embedded/ip/altera/hps/altera_hps/hwlib/src/hwmgr/alt_dma.c: 1 warning, 0 errors
Finished building: C:/altera/16.0/embedded/ip/altera/hps/altera_hps/hwlib/src/hwmgr/alt_dma.c
 
Building file: C:/altera/16.0/embedded/ip/altera/hps/altera_hps/hwlib/src/hwmgr/alt_dma_program.c
Invoking: ARM C Compiler 5
armcc --cpu=Cortex-A9 --arm --apcs=/interwork --apcs=/hardfp -DALT_INT_PROVISION_CPU_COUNT -DALT_BRIDGE_PROVISION_F2S_SUPPORT -Dsoc_cv_av -I"D:/PShuklin/projectAltera/projectsLesson/em078_vector_analyzer/em078_vector_analyzer_v5/software/va/../spl_bsp/generated/" -I"C:\altera\16.0\embedded\ip\altera\hps\altera_hps\hwlib\include" -I"C:\altera\16.0\embedded\ip\altera\hps\altera_hps\hwlib\include\soc_cv_av\socal" -I"C:\altera\16.0\embedded\ip\altera\hps\altera_hps\hwlib\include\soc_cv_av" --gnu -O2 -Otime --loop_optimization_level=2 --vectorize -g --md --depend_format=unix_escaped --no_depend_system_headers --depend_dir="hwlib/src/hwmgr" -c -o "hwlib/src/hwmgr/alt_dma_program.o" "C:/altera/16.0/embedded/ip/altera/hps/altera_hps/hwlib/src/hwmgr/alt_dma_program.c"
Warning: C9931W: Your license for feature uni_compiler5 will expire in 12 days
Finished building: C:/altera/16.0/embedded/ip/altera/hps/altera_hps/hwlib/src/hwmgr/alt_dma_program.c
 
Building file: C:/altera/16.0/embedded/ip/altera/hps/altera_hps/hwlib/src/hwmgr/alt_generalpurpose_io.c
Invoking: ARM C Compiler 5
armcc --cpu=Cortex-A9 --arm --apcs=/interwork --apcs=/hardfp -DALT_INT_PROVISION_CPU_COUNT -DALT_BRIDGE_PROVISION_F2S_SUPPORT -Dsoc_cv_av -I"D:/PShuklin/projectAltera/projectsLesson/em078_vector_analyzer/em078_vector_analyzer_v5/software/va/../spl_bsp/generated/" -I"C:\altera\16.0\embedded\ip\altera\hps\altera_hps\hwlib\include" -I"C:\altera\16.0\embedded\ip\altera\hps\altera_hps\hwlib\include\soc_cv_av\socal" -I"C:\altera\16.0\embedded\ip\altera\hps\altera_hps\hwlib\include\soc_cv_av" --gnu -O2 -Otime --loop_optimization_level=2 --vectorize -g --md --depend_format=unix_escaped --no_depend_system_headers --depend_dir="hwlib/src/hwmgr" -c -o "hwlib/src/hwmgr/alt_generalpurpose_io.o" "C:/altera/16.0/embedded/ip/altera/hps/altera_hps/hwlib/src/hwmgr/alt_generalpurpose_io.c"
Warning: C9931W: Your license for feature uni_compiler5 will expire in 12 days
Finished building: C:/altera/16.0/embedded/ip/altera/hps/altera_hps/hwlib/src/hwmgr/alt_generalpurpose_io.c
 
Building file: C:/altera/16.0/embedded/ip/altera/hps/altera_hps/hwlib/src/hwmgr/alt_globaltmr.c
Invoking: ARM C Compiler 5
armcc --cpu=Cortex-A9 --arm --apcs=/interwork --apcs=/hardfp -DALT_INT_PROVISION_CPU_COUNT -DALT_BRIDGE_PROVISION_F2S_SUPPORT -Dsoc_cv_av -I"D:/PShuklin/projectAltera/projectsLesson/em078_vector_analyzer/em078_vector_analyzer_v5/software/va/../spl_bsp/generated/" -I"C:\altera\16.0\embedded\ip\altera\hps\altera_hps\hwlib\include" -I"C:\altera\16.0\embedded\ip\altera\hps\altera_hps\hwlib\include\soc_cv_av\socal" -I"C:\altera\16.0\embedded\ip\altera\hps\altera_hps\hwlib\include\soc_cv_av" --gnu -O2 -Otime --loop_optimization_level=2 --vectorize -g --md --depend_format=unix_escaped --no_depend_system_headers --depend_dir="hwlib/src/hwmgr" -c -o "hwlib/src/hwmgr/alt_globaltmr.o" "C:/altera/16.0/embedded/ip/altera/hps/altera_hps/hwlib/src/hwmgr/alt_globaltmr.c"
Warning: C9931W: Your license for feature uni_compiler5 will expire in 12 days
Finished building: C:/altera/16.0/embedded/ip/altera/hps/altera_hps/hwlib/src/hwmgr/alt_globaltmr.c
 
Building file: C:/altera/16.0/embedded/ip/altera/hps/altera_hps/hwlib/src/hwmgr/alt_i2c.c
Invoking: ARM C Compiler 5
armcc --cpu=Cortex-A9 --arm --apcs=/interwork --apcs=/hardfp -DALT_INT_PROVISION_CPU_COUNT -DALT_BRIDGE_PROVISION_F2S_SUPPORT -Dsoc_cv_av -I"D:/PShuklin/projectAltera/projectsLesson/em078_vector_analyzer/em078_vector_analyzer_v5/software/va/../spl_bsp/generated/" -I"C:\altera\16.0\embedded\ip\altera\hps\altera_hps\hwlib\include" -I"C:\altera\16.0\embedded\ip\altera\hps\altera_hps\hwlib\include\soc_cv_av\socal" -I"C:\altera\16.0\embedded\ip\altera\hps\altera_hps\hwlib\include\soc_cv_av" --gnu -O2 -Otime --loop_optimization_level=2 --vectorize -g --md --depend_format=unix_escaped --no_depend_system_headers --depend_dir="hwlib/src/hwmgr" -c -o "hwlib/src/hwmgr/alt_i2c.o" "C:/altera/16.0/embedded/ip/altera/hps/altera_hps/hwlib/src/hwmgr/alt_i2c.c"
Warning: C9931W: Your license for feature uni_compiler5 will expire in 12 days
"C:\altera\16.0\embedded\ip\altera\hps\altera_hps\hwlib\include\alt_i2c.h", line 358: Warning:  #2532-D: support for trigraphs is disabled
   * Discuss special handling of abrt_sbyte_norstrt TX_ABRT source required in ???() function.
                                                                                ^
C:/altera/16.0/embedded/ip/altera/hps/altera_hps/hwlib/src/hwmgr/alt_i2c.c: 1 warning, 0 errors
Finished building: C:/altera/16.0/embedded/ip/altera/hps/altera_hps/hwlib/src/hwmgr/alt_i2c.c
 
Building file: C:/altera/16.0/embedded/ip/altera/hps/altera_hps/hwlib/src/hwmgr/alt_interrupt.c
Invoking: ARM C Compiler 5
armcc --cpu=Cortex-A9 --arm --apcs=/interwork --apcs=/hardfp -DALT_INT_PROVISION_CPU_COUNT -DALT_BRIDGE_PROVISION_F2S_SUPPORT -Dsoc_cv_av -I"D:/PShuklin/projectAltera/projectsLesson/em078_vector_analyzer/em078_vector_analyzer_v5/software/va/../spl_bsp/generated/" -I"C:\altera\16.0\embedded\ip\altera\hps\altera_hps\hwlib\include" -I"C:\altera\16.0\embedded\ip\altera\hps\altera_hps\hwlib\include\soc_cv_av\socal" -I"C:\altera\16.0\embedded\ip\altera\hps\altera_hps\hwlib\include\soc_cv_av" --gnu -O2 -Otime --loop_optimization_level=2 --vectorize -g --md --depend_format=unix_escaped --no_depend_system_headers --depend_dir="hwlib/src/hwmgr" -c -o "hwlib/src/hwmgr/alt_interrupt.o" "C:/altera/16.0/embedded/ip/altera/hps/altera_hps/hwlib/src/hwmgr/alt_interrupt.c"
Warning: C9931W: Your license for feature uni_compiler5 will expire in 12 days
Finished building: C:/altera/16.0/embedded/ip/altera/hps/altera_hps/hwlib/src/hwmgr/alt_interrupt.c
 
Building file: C:/altera/16.0/embedded/ip/altera/hps/altera_hps/hwlib/src/hwmgr/alt_interrupt_armcc.s
Invoking: ARM Assembler 5
armasm --cpu=Cortex-A9 --arm --apcs=/interwork --apcs=/hardfp -g --md --depend_format=unix_escaped --depend="hwlib/src/hwmgr/alt_interrupt_armcc.d" -o "hwlib/src/hwmgr/alt_interrupt_armcc.o" "C:/altera/16.0/embedded/ip/altera/hps/altera_hps/hwlib/src/hwmgr/alt_interrupt_armcc.s"
Warning: A9931W: Your license for feature uni_compiler5 will expire in 12 days
0 Errors, 1 Warning
Finished building: C:/altera/16.0/embedded/ip/altera/hps/altera_hps/hwlib/src/hwmgr/alt_interrupt_armcc.s
 
Building file: C:/altera/16.0/embedded/ip/altera/hps/altera_hps/hwlib/src/hwmgr/alt_mmu.c
Invoking: ARM C Compiler 5
armcc --cpu=Cortex-A9 --arm --apcs=/interwork --apcs=/hardfp -DALT_INT_PROVISION_CPU_COUNT -DALT_BRIDGE_PROVISION_F2S_SUPPORT -Dsoc_cv_av -I"D:/PShuklin/projectAltera/projectsLesson/em078_vector_analyzer/em078_vector_analyzer_v5/software/va/../spl_bsp/generated/" -I"C:\altera\16.0\embedded\ip\altera\hps\altera_hps\hwlib\include" -I"C:\altera\16.0\embedded\ip\altera\hps\altera_hps\hwlib\include\soc_cv_av\socal" -I"C:\altera\16.0\embedded\ip\altera\hps\altera_hps\hwlib\include\soc_cv_av" --gnu -O2 -Otime --loop_optimization_level=2 --vectorize -g --md --depend_format=unix_escaped --no_depend_system_headers --depend_dir="hwlib/src/hwmgr" -c -o "hwlib/src/hwmgr/alt_mmu.o" "C:/altera/16.0/embedded/ip/altera/hps/altera_hps/hwlib/src/hwmgr/alt_mmu.c"
Warning: C9931W: Your license for feature uni_compiler5 will expire in 12 days
Finished building: C:/altera/16.0/embedded/ip/altera/hps/altera_hps/hwlib/src/hwmgr/alt_mmu.c
 
Building file: C:/altera/16.0/embedded/ip/altera/hps/altera_hps/hwlib/src/hwmgr/alt_nand.c
Invoking: ARM C Compiler 5
armcc --cpu=Cortex-A9 --arm --apcs=/interwork --apcs=/hardfp -DALT_INT_PROVISION_CPU_COUNT -DALT_BRIDGE_PROVISION_F2S_SUPPORT -Dsoc_cv_av -I"D:/PShuklin/projectAltera/projectsLesson/em078_vector_analyzer/em078_vector_analyzer_v5/software/va/../spl_bsp/generated/" -I"C:\altera\16.0\embedded\ip\altera\hps\altera_hps\hwlib\include" -I"C:\altera\16.0\embedded\ip\altera\hps\altera_hps\hwlib\include\soc_cv_av\socal" -I"C:\altera\16.0\embedded\ip\altera\hps\altera_hps\hwlib\include\soc_cv_av" --gnu -O2 -Otime --loop_optimization_level=2 --vectorize -g --md --depend_format=unix_escaped --no_depend_system_headers --depend_dir="hwlib/src/hwmgr" -c -o "hwlib/src/hwmgr/alt_nand.o" "C:/altera/16.0/embedded/ip/altera/hps/altera_hps/hwlib/src/hwmgr/alt_nand.c"
Warning: C9931W: Your license for feature uni_compiler5 will expire in 12 days
Finished building: C:/altera/16.0/embedded/ip/altera/hps/altera_hps/hwlib/src/hwmgr/alt_nand.c
 
Building file: C:/altera/16.0/embedded/ip/altera/hps/altera_hps/hwlib/src/hwmgr/alt_qspi.c
Invoking: ARM C Compiler 5
armcc --cpu=Cortex-A9 --arm --apcs=/interwork --apcs=/hardfp -DALT_INT_PROVISION_CPU_COUNT -DALT_BRIDGE_PROVISION_F2S_SUPPORT -Dsoc_cv_av -I"D:/PShuklin/projectAltera/projectsLesson/em078_vector_analyzer/em078_vector_analyzer_v5/software/va/../spl_bsp/generated/" -I"C:\altera\16.0\embedded\ip\altera\hps\altera_hps\hwlib\include" -I"C:\altera\16.0\embedded\ip\altera\hps\altera_hps\hwlib\include\soc_cv_av\socal" -I"C:\altera\16.0\embedded\ip\altera\hps\altera_hps\hwlib\include\soc_cv_av" --gnu -O2 -Otime --loop_optimization_level=2 --vectorize -g --md --depend_format=unix_escaped --no_depend_system_headers --depend_dir="hwlib/src/hwmgr" -c -o "hwlib/src/hwmgr/alt_qspi.o" "C:/altera/16.0/embedded/ip/altera/hps/altera_hps/hwlib/src/hwmgr/alt_qspi.c"
Warning: C9931W: Your license for feature uni_compiler5 will expire in 12 days
Finished building: C:/altera/16.0/embedded/ip/altera/hps/altera_hps/hwlib/src/hwmgr/alt_qspi.c
 
Building file: C:/altera/16.0/embedded/ip/altera/hps/altera_hps/hwlib/src/hwmgr/alt_sdmmc.c
Invoking: ARM C Compiler 5
armcc --cpu=Cortex-A9 --arm --apcs=/interwork --apcs=/hardfp -DALT_INT_PROVISION_CPU_COUNT -DALT_BRIDGE_PROVISION_F2S_SUPPORT -Dsoc_cv_av -I"D:/PShuklin/projectAltera/projectsLesson/em078_vector_analyzer/em078_vector_analyzer_v5/software/va/../spl_bsp/generated/" -I"C:\altera\16.0\embedded\ip\altera\hps\altera_hps\hwlib\include" -I"C:\altera\16.0\embedded\ip\altera\hps\altera_hps\hwlib\include\soc_cv_av\socal" -I"C:\altera\16.0\embedded\ip\altera\hps\altera_hps\hwlib\include\soc_cv_av" --gnu -O2 -Otime --loop_optimization_level=2 --vectorize -g --md --depend_format=unix_escaped --no_depend_system_headers --depend_dir="hwlib/src/hwmgr" -c -o "hwlib/src/hwmgr/alt_sdmmc.o" "C:/altera/16.0/embedded/ip/altera/hps/altera_hps/hwlib/src/hwmgr/alt_sdmmc.c"
Warning: C9931W: Your license for feature uni_compiler5 will expire in 12 days
Finished building: C:/altera/16.0/embedded/ip/altera/hps/altera_hps/hwlib/src/hwmgr/alt_sdmmc.c
 
Building file: C:/altera/16.0/embedded/ip/altera/hps/altera_hps/hwlib/src/hwmgr/alt_spi.c
Invoking: ARM C Compiler 5
armcc --cpu=Cortex-A9 --arm --apcs=/interwork --apcs=/hardfp -DALT_INT_PROVISION_CPU_COUNT -DALT_BRIDGE_PROVISION_F2S_SUPPORT -Dsoc_cv_av -I"D:/PShuklin/projectAltera/projectsLesson/em078_vector_analyzer/em078_vector_analyzer_v5/software/va/../spl_bsp/generated/" -I"C:\altera\16.0\embedded\ip\altera\hps\altera_hps\hwlib\include" -I"C:\altera\16.0\embedded\ip\altera\hps\altera_hps\hwlib\include\soc_cv_av\socal" -I"C:\altera\16.0\embedded\ip\altera\hps\altera_hps\hwlib\include\soc_cv_av" --gnu -O2 -Otime --loop_optimization_level=2 --vectorize -g --md --depend_format=unix_escaped --no_depend_system_headers --depend_dir="hwlib/src/hwmgr" -c -o "hwlib/src/hwmgr/alt_spi.o" "C:/altera/16.0/embedded/ip/altera/hps/altera_hps/hwlib/src/hwmgr/alt_spi.c"
Warning: C9931W: Your license for feature uni_compiler5 will expire in 12 days
Finished building: C:/altera/16.0/embedded/ip/altera/hps/altera_hps/hwlib/src/hwmgr/alt_spi.c
 
Building file: C:/altera/16.0/embedded/ip/altera/hps/altera_hps/hwlib/src/hwmgr/alt_timers.c
Invoking: ARM C Compiler 5
armcc --cpu=Cortex-A9 --arm --apcs=/interwork --apcs=/hardfp -DALT_INT_PROVISION_CPU_COUNT -DALT_BRIDGE_PROVISION_F2S_SUPPORT -Dsoc_cv_av -I"D:/PShuklin/projectAltera/projectsLesson/em078_vector_analyzer/em078_vector_analyzer_v5/software/va/../spl_bsp/generated/" -I"C:\altera\16.0\embedded\ip\altera\hps\altera_hps\hwlib\include" -I"C:\altera\16.0\embedded\ip\altera\hps\altera_hps\hwlib\include\soc_cv_av\socal" -I"C:\altera\16.0\embedded\ip\altera\hps\altera_hps\hwlib\include\soc_cv_av" --gnu -O2 -Otime --loop_optimization_level=2 --vectorize -g --md --depend_format=unix_escaped --no_depend_system_headers --depend_dir="hwlib/src/hwmgr" -c -o "hwlib/src/hwmgr/alt_timers.o" "C:/altera/16.0/embedded/ip/altera/hps/altera_hps/hwlib/src/hwmgr/alt_timers.c"
Warning: C9931W: Your license for feature uni_compiler5 will expire in 12 days
Finished building: C:/altera/16.0/embedded/ip/altera/hps/altera_hps/hwlib/src/hwmgr/alt_timers.c
 
Building file: C:/altera/16.0/embedded/ip/altera/hps/altera_hps/hwlib/src/hwmgr/alt_watchdog.c
Invoking: ARM C Compiler 5
armcc --cpu=Cortex-A9 --arm --apcs=/interwork --apcs=/hardfp -DALT_INT_PROVISION_CPU_COUNT -DALT_BRIDGE_PROVISION_F2S_SUPPORT -Dsoc_cv_av -I"D:/PShuklin/projectAltera/projectsLesson/em078_vector_analyzer/em078_vector_analyzer_v5/software/va/../spl_bsp/generated/" -I"C:\altera\16.0\embedded\ip\altera\hps\altera_hps\hwlib\include" -I"C:\altera\16.0\embedded\ip\altera\hps\altera_hps\hwlib\include\soc_cv_av\socal" -I"C:\altera\16.0\embedded\ip\altera\hps\altera_hps\hwlib\include\soc_cv_av" --gnu -O2 -Otime --loop_optimization_level=2 --vectorize -g --md --depend_format=unix_escaped --no_depend_system_headers --depend_dir="hwlib/src/hwmgr" -c -o "hwlib/src/hwmgr/alt_watchdog.o" "C:/altera/16.0/embedded/ip/altera/hps/altera_hps/hwlib/src/hwmgr/alt_watchdog.c"
Warning: C9931W: Your license for feature uni_compiler5 will expire in 12 days
Finished building: C:/altera/16.0/embedded/ip/altera/hps/altera_hps/hwlib/src/hwmgr/alt_watchdog.c
 
Building target: va.axf
Invoking: ARM Linker 5
armlink --cpu=Cortex-A9 --scatter="D:\PShuklin\projectAltera\projectsLesson\em078_vector_analyzer\em078_vector_analyzer_v5\software\va\scatter.scat" --userlibpath="D:\PShuklin\projectAltera\projectsLesson\em078_vector_analyzer\em078_vector_analyzer_v5\software\va" --no_remove --info=totals --entry=alt_interrupt_vector -o "va.axf"  ./src/alt_pt.o ./src/diskio.o ./src/ff.o ./src/pio.o ./src/va.o ./src/va_sm.o  ./hwlib/src/utils/alt_printf.o  ./hwlib/src/hwmgr/soc_cv_av/alt_bridge_f2s_armcc.o ./hwlib/src/hwmgr/soc_cv_av/alt_bridge_manager.o ./hwlib/src/hwmgr/soc_cv_av/alt_clock_manager.o ./hwlib/src/hwmgr/soc_cv_av/alt_clock_manager_init.o ./hwlib/src/hwmgr/soc_cv_av/alt_ecc.o ./hwlib/src/hwmgr/soc_cv_av/alt_fpga_manager.o ./hwlib/src/hwmgr/soc_cv_av/alt_reset_manager.o ./hwlib/src/hwmgr/soc_cv_av/alt_sdram.o ./hwlib/src/hwmgr/soc_cv_av/alt_system_manager.o  ./hwlib/src/hwmgr/alt_16550_uart.o ./hwlib/src/hwmgr/alt_address_space.o ./hwlib/src/hwmgr/alt_cache.o ./hwlib/src/hwmgr/alt_can.o ./hwlib/src/hwmgr/alt_dma.o ./hwlib/src/hwmgr/alt_dma_program.o ./hwlib/src/hwmgr/alt_generalpurpose_io.o ./hwlib/src/hwmgr/alt_globaltmr.o ./hwlib/src/hwmgr/alt_i2c.o ./hwlib/src/hwmgr/alt_interrupt.o ./hwlib/src/hwmgr/alt_interrupt_armcc.o ./hwlib/src/hwmgr/alt_mmu.o ./hwlib/src/hwmgr/alt_nand.o ./hwlib/src/hwmgr/alt_qspi.o ./hwlib/src/hwmgr/alt_sdmmc.o ./hwlib/src/hwmgr/alt_spi.o ./hwlib/src/hwmgr/alt_timers.o ./hwlib/src/hwmgr/alt_watchdog.o   
Warning: L9931W: Your license for feature uni_compiler5 will expire in 12 days
Finished: 0 information, 1 warning and 0 error messages.

==============================================================================

Image component sizes


      Code (inc. data)   RO Data    RW Data    ZI Data      Debug   

    141920       9540       3912        700 1071480420     891914   Object Totals
         8          0         48          0 1071335556          0   (incl. Generated)
         0          0          4         10       4055          0   (incl. Padding)
      7964        612        340         16       9336       6552   Library Totals
        36          8          0          0       8988          0   (incl. Padding)

==============================================================================


      Code (inc. data)   RO Data    RW Data    ZI Data      Debug   

    149884      10152       4252        716 1071489756     883602   Grand Totals
    149884      10152       4252        316 1071489756     883602   ELF Image Totals (compressed)
    149884      10152       4252        316          0          0   ROM Totals

==============================================================================

    Total RO  Size (Code + RO Data)               154136 ( 150.52kB)
    Total RW  Size (RW Data + ZI Data)        1071490472 (1046377.41kB)
    Total ROM Size (Code + RO Data + RW Data)     154452 ( 150.83kB)

==============================================================================

Finished building target: va.axf
 

18:21:45 Build Finished (took 7m:1s.831ms)

